<?xml version="1.0" encoding="UTF-8"?>
<robot generator="Robot 7.2.2 (Python 3.13.2 on win32)" generated="2025-03-25T16:56:55.551225" rpa="false" schemaversion="5">
<suite id="s1" name="Test" source="C:\rpa_tools\rpa_scripts\robot\test.robot">
<test id="s1-t1" name="Say Hello" line="2">
<kw name="Log To Console" owner="BuiltIn">
<arg>Hello from Robot Framework!</arg>
<doc>Logs the given message to the console.</doc>
<status status="PASS" start="2025-03-25T16:56:55.648939" elapsed="0.000274"/>
</kw>
<status status="PASS" start="2025-03-25T16:56:55.648097" elapsed="0.001281"/>
</test>
<status status="PASS" start="2025-03-25T16:56:55.554429" elapsed="0.095318"/>
</suite>
<statistics>
<total>
<stat pass="1" fail="0" skip="0">All Tests</stat>
</total>
<tag>
</tag>
<suite>
<stat name="Test" id="s1" pass="1" fail="0" skip="0">Test</stat>
</suite>
</statistics>
<errors>
</errors>
</robot>
